<?xml version="1.0" encoding="UTF-8"?>
<!-- Generated by org.testng.reporters.JUnitXMLReporter -->
<testsuite ignored="0" hostname="DESKTOP-36BV2CH" failures="0" tests="3" name="Surefire test" time="24.451" errors="0" timestamp="2026-05-16T22:01:38 IST">
  <testcase classname="Test.ProductDetailsPageTest" name="launchDetailTest" time="13.942"/>
  <testcase classname="Test.SearchProductTest" name="launch" time="4.94"/>
  <testcase classname="Test.SearchResultsPageTest" name="launch" time="5.539"/>
</testsuite> <!-- Surefire test -->
