<?xml version="1.0" encoding="UTF-8"?>
<testng-results ignored="0" total="1" passed="1" failed="0" skipped="0">
  <reporter-output>
  </reporter-output>
  <suite started-at="2026-05-16T22:09:38 IST" name="Suite" finished-at="2026-05-16T22:09:51 IST" duration-ms="13618">
    <groups>
    </groups>
    <test started-at="2026-05-16T22:09:38 IST" name="Test" finished-at="2026-05-16T22:09:51 IST" duration-ms="13618">
      <class name="Test.ProductDetailsPageTest">
        <test-method signature="launchDetailTest()[pri:0, instance:Test.ProductDetailsPageTest@222114ba]" started-at="2026-05-16T22:09:38 IST" name="launchDetailTest" finished-at="2026-05-16T22:09:51 IST" duration-ms="13593" status="PASS">
          <reporter-output>
          </reporter-output>
        </test-method> <!-- launchDetailTest -->
      </class> <!-- Test.ProductDetailsPageTest -->
    </test> <!-- Test -->
  </suite> <!-- Suite -->
</testng-results>
