<?xml version="1.0" encoding="UTF-8"?>
<testng-results ignored="0" total="2" passed="2" failed="0" skipped="0">
  <reporter-output>
  </reporter-output>
  <suite started-at="2026-05-13T22:05:29 IST" name="Default suite" finished-at="2026-05-13T22:05:48 IST" duration-ms="18949">
    <groups>
    </groups>
    <test started-at="2026-05-13T22:05:29 IST" name="Default test" finished-at="2026-05-13T22:05:48 IST" duration-ms="18949">
      <class name="Test.ProductDetailsPageTest">
        <test-method signature="launchDetailTest()[pri:0, instance:Test.ProductDetailsPageTest@35ef1869]" started-at="2026-05-13T22:05:29 IST" name="launchDetailTest" finished-at="2026-05-13T22:05:43 IST" duration-ms="13469" status="PASS">
          <reporter-output>
          </reporter-output>
        </test-method> <!-- launchDetailTest -->
        <test-method signature="launch()[pri:0, instance:Test.ProductDetailsPageTest@35ef1869]" started-at="2026-05-13T22:05:43 IST" name="launch" finished-at="2026-05-13T22:05:48 IST" duration-ms="5449" status="PASS">
          <reporter-output>
          </reporter-output>
        </test-method> <!-- launch -->
      </class> <!-- Test.ProductDetailsPageTest -->
    </test> <!-- Default test -->
  </suite> <!-- Default suite -->
</testng-results>
